INFO [2022-05-23 17:49:45] $x
INFO [2022-05-23 17:49:45] list(WGCNA = gene_diff_wgcna, Limma = gene_diff)
INFO [2022-05-23 17:49:45] 
INFO [2022-05-23 17:49:45] $filename
INFO [2022-05-23 17:49:45] paste0("../figure/choose_genes", ".tiff")
INFO [2022-05-23 17:49:45] 
INFO [2022-05-23 17:49:45] $height
INFO [2022-05-23 17:49:45] [1] 600
INFO [2022-05-23 17:49:45] 
INFO [2022-05-23 17:49:45] $width
INFO [2022-05-23 17:49:45] [1] 600
INFO [2022-05-23 17:49:45] 
INFO [2022-05-23 17:49:45] $resolution
INFO [2022-05-23 17:49:45] [1] 300
INFO [2022-05-23 17:49:45] 
INFO [2022-05-23 17:49:45] $imagetype
INFO [2022-05-23 17:49:45] [1] "tiff"
INFO [2022-05-23 17:49:45] 
INFO [2022-05-23 17:49:45] $col
INFO [2022-05-23 17:49:45] [1] "transparent"
INFO [2022-05-23 17:49:45] 
INFO [2022-05-23 17:49:45] $fill
INFO [2022-05-23 17:49:45] c("green", "yellow")
INFO [2022-05-23 17:49:45] 
INFO [2022-05-23 17:49:45] $alpha
INFO [2022-05-23 17:49:45] [1] 0.5
INFO [2022-05-23 17:49:45] 
INFO [2022-05-23 17:49:45] $cex
INFO [2022-05-23 17:49:45] [1] 0.45
INFO [2022-05-23 17:49:45] 
INFO [2022-05-23 17:49:45] $cat.cex
INFO [2022-05-23 17:49:45] [1] 0.45
INFO [2022-05-23 17:49:45] 
