INFO [2022-05-23 17:49:17] $x
INFO [2022-05-23 17:49:17] list(WGCNA = gene_diff_wgcna, Limma = gene_diff)
INFO [2022-05-23 17:49:17] 
INFO [2022-05-23 17:49:17] $filename
INFO [2022-05-23 17:49:17] paste0("../figure/choose_genes", ".tiff")
INFO [2022-05-23 17:49:17] 
INFO [2022-05-23 17:49:17] $height
INFO [2022-05-23 17:49:17] [1] 450
INFO [2022-05-23 17:49:17] 
INFO [2022-05-23 17:49:17] $width
INFO [2022-05-23 17:49:17] [1] 450
INFO [2022-05-23 17:49:17] 
INFO [2022-05-23 17:49:17] $resolution
INFO [2022-05-23 17:49:17] [1] 300
INFO [2022-05-23 17:49:17] 
INFO [2022-05-23 17:49:17] $imagetype
INFO [2022-05-23 17:49:17] [1] "tiff"
INFO [2022-05-23 17:49:17] 
INFO [2022-05-23 17:49:17] $col
INFO [2022-05-23 17:49:17] [1] "transparent"
INFO [2022-05-23 17:49:17] 
INFO [2022-05-23 17:49:17] $fill
INFO [2022-05-23 17:49:17] c("green", "yellow")
INFO [2022-05-23 17:49:17] 
INFO [2022-05-23 17:49:17] $alpha
INFO [2022-05-23 17:49:17] [1] 0.5
INFO [2022-05-23 17:49:17] 
INFO [2022-05-23 17:49:17] $cex
INFO [2022-05-23 17:49:17] [1] 0.45
INFO [2022-05-23 17:49:17] 
INFO [2022-05-23 17:49:17] $cat.cex
INFO [2022-05-23 17:49:17] [1] 0.45
INFO [2022-05-23 17:49:17] 
