INFO [2022-05-23 17:50:44] $x
INFO [2022-05-23 17:50:44] list(WGCNA = gene_diff_wgcna, Limma = gene_diff)
INFO [2022-05-23 17:50:44] 
INFO [2022-05-23 17:50:44] $filename
INFO [2022-05-23 17:50:44] paste0("../figure/choose_genes", ".tiff")
INFO [2022-05-23 17:50:44] 
INFO [2022-05-23 17:50:44] $height
INFO [2022-05-23 17:50:44] [1] 800
INFO [2022-05-23 17:50:44] 
INFO [2022-05-23 17:50:44] $width
INFO [2022-05-23 17:50:44] [1] 800
INFO [2022-05-23 17:50:44] 
INFO [2022-05-23 17:50:44] $resolution
INFO [2022-05-23 17:50:44] [1] 300
INFO [2022-05-23 17:50:44] 
INFO [2022-05-23 17:50:44] $imagetype
INFO [2022-05-23 17:50:44] [1] "tiff"
INFO [2022-05-23 17:50:44] 
INFO [2022-05-23 17:50:44] $col
INFO [2022-05-23 17:50:44] [1] "transparent"
INFO [2022-05-23 17:50:44] 
INFO [2022-05-23 17:50:44] $fill
INFO [2022-05-23 17:50:44] c("green", "yellow")
INFO [2022-05-23 17:50:44] 
INFO [2022-05-23 17:50:44] $alpha
INFO [2022-05-23 17:50:44] [1] 0.5
INFO [2022-05-23 17:50:44] 
INFO [2022-05-23 17:50:44] $cex
INFO [2022-05-23 17:50:44] [1] 0.45
INFO [2022-05-23 17:50:44] 
INFO [2022-05-23 17:50:44] $cat.cex
INFO [2022-05-23 17:50:44] [1] 0.45
INFO [2022-05-23 17:50:44] 
