INFO [2022-05-23 17:48:50] $x
INFO [2022-05-23 17:48:50] list(WGCNA = gene_diff_wgcna, Limma = gene_diff)
INFO [2022-05-23 17:48:50] 
INFO [2022-05-23 17:48:50] $filename
INFO [2022-05-23 17:48:50] paste0("../figure/choose_genes", ".pdf")
INFO [2022-05-23 17:48:50] 
INFO [2022-05-23 17:48:50] $height
INFO [2022-05-23 17:48:50] [1] 450
INFO [2022-05-23 17:48:50] 
INFO [2022-05-23 17:48:50] $width
INFO [2022-05-23 17:48:50] [1] 450
INFO [2022-05-23 17:48:50] 
INFO [2022-05-23 17:48:50] $resolution
INFO [2022-05-23 17:48:50] [1] 300
INFO [2022-05-23 17:48:50] 
INFO [2022-05-23 17:48:50] $imagetype
INFO [2022-05-23 17:48:50] [1] "pdf"
INFO [2022-05-23 17:48:50] 
INFO [2022-05-23 17:48:50] $col
INFO [2022-05-23 17:48:50] [1] "transparent"
INFO [2022-05-23 17:48:50] 
INFO [2022-05-23 17:48:50] $fill
INFO [2022-05-23 17:48:50] c("green", "yellow")
INFO [2022-05-23 17:48:50] 
INFO [2022-05-23 17:48:50] $alpha
INFO [2022-05-23 17:48:50] [1] 0.5
INFO [2022-05-23 17:48:50] 
INFO [2022-05-23 17:48:50] $cex
INFO [2022-05-23 17:48:50] [1] 0.45
INFO [2022-05-23 17:48:50] 
INFO [2022-05-23 17:48:50] $cat.cex
INFO [2022-05-23 17:48:50] [1] 0.45
INFO [2022-05-23 17:48:50] 
ERROR [2022-05-23 17:48:50] You have misspelled your "imagetype", please try again
