INFO [2022-05-23 18:09:13] $x
INFO [2022-05-23 18:09:13] g
INFO [2022-05-23 18:09:13] 
INFO [2022-05-23 18:09:13] $filename
INFO [2022-05-23 18:09:13] paste0("../figure/genes", ".tiff")
INFO [2022-05-23 18:09:13] 
INFO [2022-05-23 18:09:13] $height
INFO [2022-05-23 18:09:13] [1] 1200
INFO [2022-05-23 18:09:13] 
INFO [2022-05-23 18:09:13] $width
INFO [2022-05-23 18:09:13] [1] 1200
INFO [2022-05-23 18:09:13] 
INFO [2022-05-23 18:09:13] $resolution
INFO [2022-05-23 18:09:13] [1] 300
INFO [2022-05-23 18:09:13] 
INFO [2022-05-23 18:09:13] $imagetype
INFO [2022-05-23 18:09:13] [1] "tiff"
INFO [2022-05-23 18:09:13] 
INFO [2022-05-23 18:09:13] $col
INFO [2022-05-23 18:09:13] [1] "transparent"
INFO [2022-05-23 18:09:13] 
INFO [2022-05-23 18:09:13] $fill
INFO [2022-05-23 18:09:13] c("green", "yellow", "pink", "blue", "red")
INFO [2022-05-23 18:09:13] 
INFO [2022-05-23 18:09:13] $alpha
INFO [2022-05-23 18:09:13] [1] 0.5
INFO [2022-05-23 18:09:13] 
INFO [2022-05-23 18:09:13] $cex
INFO [2022-05-23 18:09:13] [1] 0.45
INFO [2022-05-23 18:09:13] 
INFO [2022-05-23 18:09:13] $cat.cex
INFO [2022-05-23 18:09:13] [1] 0.5
INFO [2022-05-23 18:09:13] 
