INFO [2022-05-23 18:07:28] $x
INFO [2022-05-23 18:07:28] g
INFO [2022-05-23 18:07:28] 
INFO [2022-05-23 18:07:28] $filename
INFO [2022-05-23 18:07:28] paste0("../figure/genes", ".tiff")
INFO [2022-05-23 18:07:28] 
INFO [2022-05-23 18:07:28] $height
INFO [2022-05-23 18:07:28] [1] 800
INFO [2022-05-23 18:07:28] 
INFO [2022-05-23 18:07:28] $width
INFO [2022-05-23 18:07:28] [1] 800
INFO [2022-05-23 18:07:28] 
INFO [2022-05-23 18:07:28] $resolution
INFO [2022-05-23 18:07:28] [1] 300
INFO [2022-05-23 18:07:28] 
INFO [2022-05-23 18:07:28] $imagetype
INFO [2022-05-23 18:07:28] [1] "tiff"
INFO [2022-05-23 18:07:28] 
INFO [2022-05-23 18:07:28] $col
INFO [2022-05-23 18:07:28] [1] "transparent"
INFO [2022-05-23 18:07:28] 
INFO [2022-05-23 18:07:28] $fill
INFO [2022-05-23 18:07:28] c("green", "yellow", "pink", "blue", "red")
INFO [2022-05-23 18:07:28] 
INFO [2022-05-23 18:07:28] $alpha
INFO [2022-05-23 18:07:28] [1] 0.5
INFO [2022-05-23 18:07:28] 
INFO [2022-05-23 18:07:28] $cex
INFO [2022-05-23 18:07:28] [1] 0.45
INFO [2022-05-23 18:07:28] 
INFO [2022-05-23 18:07:28] $cat.cex
INFO [2022-05-23 18:07:28] [1] 0.45
INFO [2022-05-23 18:07:28] 
