INFO [2022-05-23 18:07:48] $x
INFO [2022-05-23 18:07:48] g
INFO [2022-05-23 18:07:48] 
INFO [2022-05-23 18:07:48] $filename
INFO [2022-05-23 18:07:48] paste0("../figure/genes", ".tiff")
INFO [2022-05-23 18:07:48] 
INFO [2022-05-23 18:07:48] $height
INFO [2022-05-23 18:07:48] [1] 1000
INFO [2022-05-23 18:07:48] 
INFO [2022-05-23 18:07:48] $width
INFO [2022-05-23 18:07:48] [1] 1000
INFO [2022-05-23 18:07:48] 
INFO [2022-05-23 18:07:48] $resolution
INFO [2022-05-23 18:07:48] [1] 300
INFO [2022-05-23 18:07:48] 
INFO [2022-05-23 18:07:48] $imagetype
INFO [2022-05-23 18:07:48] [1] "tiff"
INFO [2022-05-23 18:07:48] 
INFO [2022-05-23 18:07:48] $col
INFO [2022-05-23 18:07:48] [1] "transparent"
INFO [2022-05-23 18:07:48] 
INFO [2022-05-23 18:07:48] $fill
INFO [2022-05-23 18:07:48] c("green", "yellow", "pink", "blue", "red")
INFO [2022-05-23 18:07:48] 
INFO [2022-05-23 18:07:48] $alpha
INFO [2022-05-23 18:07:48] [1] 0.5
INFO [2022-05-23 18:07:48] 
INFO [2022-05-23 18:07:48] $cex
INFO [2022-05-23 18:07:48] [1] 0.45
INFO [2022-05-23 18:07:48] 
INFO [2022-05-23 18:07:48] $cat.cex
INFO [2022-05-23 18:07:48] [1] 0.45
INFO [2022-05-23 18:07:48] 
