INFO [2022-05-23 18:09:24] $x
INFO [2022-05-23 18:09:24] g
INFO [2022-05-23 18:09:24] 
INFO [2022-05-23 18:09:24] $filename
INFO [2022-05-23 18:09:24] paste0("../figure/genes", ".tiff")
INFO [2022-05-23 18:09:24] 
INFO [2022-05-23 18:09:24] $height
INFO [2022-05-23 18:09:24] [1] 2000
INFO [2022-05-23 18:09:24] 
INFO [2022-05-23 18:09:24] $width
INFO [2022-05-23 18:09:24] [1] 2000
INFO [2022-05-23 18:09:24] 
INFO [2022-05-23 18:09:24] $resolution
INFO [2022-05-23 18:09:24] [1] 300
INFO [2022-05-23 18:09:24] 
INFO [2022-05-23 18:09:24] $imagetype
INFO [2022-05-23 18:09:24] [1] "tiff"
INFO [2022-05-23 18:09:24] 
INFO [2022-05-23 18:09:24] $col
INFO [2022-05-23 18:09:24] [1] "transparent"
INFO [2022-05-23 18:09:24] 
INFO [2022-05-23 18:09:24] $fill
INFO [2022-05-23 18:09:24] c("green", "yellow", "pink", "blue", "red")
INFO [2022-05-23 18:09:24] 
INFO [2022-05-23 18:09:24] $alpha
INFO [2022-05-23 18:09:24] [1] 0.5
INFO [2022-05-23 18:09:24] 
INFO [2022-05-23 18:09:24] $cex
INFO [2022-05-23 18:09:24] [1] 0.45
INFO [2022-05-23 18:09:24] 
INFO [2022-05-23 18:09:24] $cat.cex
INFO [2022-05-23 18:09:24] [1] 0.5
INFO [2022-05-23 18:09:24] 
