INFO [2022-05-23 18:08:51] $x
INFO [2022-05-23 18:08:51] g
INFO [2022-05-23 18:08:51] 
INFO [2022-05-23 18:08:51] $filename
INFO [2022-05-23 18:08:51] paste0("../figure/genes", ".tiff")
INFO [2022-05-23 18:08:51] 
INFO [2022-05-23 18:08:51] $height
INFO [2022-05-23 18:08:51] [1] 1000
INFO [2022-05-23 18:08:51] 
INFO [2022-05-23 18:08:51] $width
INFO [2022-05-23 18:08:51] [1] 1000
INFO [2022-05-23 18:08:51] 
INFO [2022-05-23 18:08:51] $resolution
INFO [2022-05-23 18:08:51] [1] 300
INFO [2022-05-23 18:08:51] 
INFO [2022-05-23 18:08:51] $imagetype
INFO [2022-05-23 18:08:51] [1] "tiff"
INFO [2022-05-23 18:08:51] 
INFO [2022-05-23 18:08:51] $col
INFO [2022-05-23 18:08:51] [1] "transparent"
INFO [2022-05-23 18:08:51] 
INFO [2022-05-23 18:08:51] $fill
INFO [2022-05-23 18:08:51] c("green", "yellow", "pink", "blue", "red")
INFO [2022-05-23 18:08:51] 
INFO [2022-05-23 18:08:51] $alpha
INFO [2022-05-23 18:08:51] [1] 0.5
INFO [2022-05-23 18:08:51] 
INFO [2022-05-23 18:08:51] $cex
INFO [2022-05-23 18:08:51] [1] 0.45
INFO [2022-05-23 18:08:51] 
INFO [2022-05-23 18:08:51] $cat.cex
INFO [2022-05-23 18:08:51] [1] 0.5
INFO [2022-05-23 18:08:51] 
