INFO [2022-05-23 18:09:37] $x
INFO [2022-05-23 18:09:37] g
INFO [2022-05-23 18:09:37] 
INFO [2022-05-23 18:09:37] $filename
INFO [2022-05-23 18:09:37] paste0("../figure/genes", ".tiff")
INFO [2022-05-23 18:09:37] 
INFO [2022-05-23 18:09:37] $height
INFO [2022-05-23 18:09:37] [1] 1000
INFO [2022-05-23 18:09:37] 
INFO [2022-05-23 18:09:37] $width
INFO [2022-05-23 18:09:37] [1] 1000
INFO [2022-05-23 18:09:37] 
INFO [2022-05-23 18:09:37] $resolution
INFO [2022-05-23 18:09:37] [1] 300
INFO [2022-05-23 18:09:37] 
INFO [2022-05-23 18:09:37] $imagetype
INFO [2022-05-23 18:09:37] [1] "tiff"
INFO [2022-05-23 18:09:37] 
INFO [2022-05-23 18:09:37] $col
INFO [2022-05-23 18:09:37] [1] "transparent"
INFO [2022-05-23 18:09:37] 
INFO [2022-05-23 18:09:37] $fill
INFO [2022-05-23 18:09:37] c("green", "yellow", "pink", "blue", "red")
INFO [2022-05-23 18:09:37] 
INFO [2022-05-23 18:09:37] $alpha
INFO [2022-05-23 18:09:37] [1] 0.5
INFO [2022-05-23 18:09:37] 
INFO [2022-05-23 18:09:37] $cex
INFO [2022-05-23 18:09:37] [1] 0.45
INFO [2022-05-23 18:09:37] 
INFO [2022-05-23 18:09:37] $cat.cex
INFO [2022-05-23 18:09:37] [1] 0.5
INFO [2022-05-23 18:09:37] 
